.\Debug\PerformanceService.ilk
.\Debug\PerformanceService.pdb
E:\C\PerformanceService\.\Debug\PerformanceService.dll
E:\C\PerformanceService\.\Debug\PerformanceService.dll.intermediate.manifest
E:\C\PerformanceService\Debug\cl.command.1.tlog
E:\C\PerformanceService\Debug\CL.read.1.tlog
E:\C\PerformanceService\Debug\CL.write.1.tlog
E:\C\PerformanceService\Debug\jitcomvctk_boc.tlh
E:\C\PerformanceService\Debug\jitcomvctk_boc.tli
E:\C\PerformanceService\Debug\link.command.1.tlog
E:\C\PerformanceService\Debug\link.read.1.tlog
E:\C\PerformanceService\Debug\link.write.1.tlog
E:\C\PerformanceService\Debug\link-cvtres.read.1.tlog
E:\C\PerformanceService\Debug\link-cvtres.write.1.tlog
E:\C\PerformanceService\Debug\mt.command.1.tlog
E:\C\PerformanceService\Debug\mt.read.1.tlog
E:\C\PerformanceService\Debug\mt.write.1.tlog
E:\C\PERFORMANCESERVICE\DEBUG\PERFORMANCE.RES
E:\C\PERFORMANCESERVICE\DEBUG\PERFORMANCESERVICE.DLL
E:\C\PERFORMANCESERVICE\DEBUG\PERFORMANCESERVICE.DLL.EMBED.MANIFEST
E:\C\PERFORMANCESERVICE\DEBUG\PERFORMANCESERVICE.DLL.EMBED.MANIFEST.RES
E:\C\PERFORMANCESERVICE\DEBUG\PERFORMANCESERVICE.DLL.INTERMEDIATE.MANIFEST
E:\C\PerformanceService\Debug\PerformanceService.exp
E:\C\PERFORMANCESERVICE\DEBUG\PERFORMANCESERVICE.ILK
E:\C\PerformanceService\Debug\PerformanceService.lib
E:\C\PERFORMANCESERVICE\DEBUG\PERFORMANCESERVICE.OBJ
E:\C\PERFORMANCESERVICE\DEBUG\PERFORMANCESERVICE.PCH
E:\C\PERFORMANCESERVICE\DEBUG\PERFORMANCESERVICE.PDB
E:\C\PerformanceService\Debug\PerformanceService.write.1.tlog
E:\C\PerformanceService\Debug\PerformanceService_manifest.rc
E:\C\PerformanceService\Debug\rc.command.1.tlog
E:\C\PerformanceService\Debug\rc.read.1.tlog
E:\C\PerformanceService\Debug\rc.write.1.tlog
E:\C\PERFORMANCESERVICE\DEBUG\STDAFX.OBJ
E:\C\PerformanceService\Debug\vc100.idb
E:\C\PERFORMANCESERVICE\DEBUG\VC100.PDB
