E:\C\PerformanceService\.\Release\PerformanceService.dll
E:\C\PerformanceService\.\Release\PerformanceService.dll.intermediate.manifest
E:\C\PerformanceService\Release\cl.command.1.tlog
E:\C\PerformanceService\Release\CL.read.1.tlog
E:\C\PerformanceService\Release\CL.write.1.tlog
E:\C\PerformanceService\Release\jitcomvctk_boc.tlh
E:\C\PerformanceService\Release\jitcomvctk_boc.tli
E:\C\PerformanceService\Release\link.command.1.tlog
E:\C\PerformanceService\Release\link.read.1.tlog
E:\C\PerformanceService\Release\link.write.1.tlog
E:\C\PerformanceService\Release\link-cvtres.read.1.tlog
E:\C\PerformanceService\Release\link-cvtres.write.1.tlog
E:\C\PerformanceService\Release\mt.command.1.tlog
E:\C\PerformanceService\Release\mt.read.1.tlog
E:\C\PerformanceService\Release\mt.write.1.tlog
E:\C\PERFORMANCESERVICE\RELEASE\PERFORMANCE.RES
E:\C\PERFORMANCESERVICE\RELEASE\PERFORMANCESERVICE.DLL
E:\C\PERFORMANCESERVICE\RELEASE\PERFORMANCESERVICE.DLL.INTERMEDIATE.MANIFEST
E:\C\PerformanceService\Release\PerformanceService.exp
E:\C\PerformanceService\Release\PerformanceService.lib
E:\C\PERFORMANCESERVICE\RELEASE\PERFORMANCESERVICE.OBJ
E:\C\PERFORMANCESERVICE\RELEASE\PERFORMANCESERVICE.PCH
E:\C\PerformanceService\Release\PerformanceService.write.1.tlog
E:\C\PerformanceService\Release\rc.command.1.tlog
E:\C\PerformanceService\Release\rc.read.1.tlog
E:\C\PerformanceService\Release\rc.write.1.tlog
E:\C\PERFORMANCESERVICE\RELEASE\STDAFX.OBJ
E:\C\PERFORMANCESERVICE\RELEASE\VC100.PDB
